Tue, 07 Nov 2023 02:33:26 GMT: successfully pushed image with reference bafybeia7rwc6er2i7zvipeeqze45mdoadsd2krgyxggtg4e5yx3fbskusm@sha256:05095b793e2bca402318d3e2fd68f6a019007fed62d8d0ab064d4c9c87f3a235
Tue, 07 Nov 2023 19:36:54 GMT: successfully pushed image with reference bafybeidrttjfqrhsueess7f36xbqq7dih7beijsro5nqscyeppfltjjpfa@sha256:7aafa4a103c9b0de108f6d779b414e8cc4271ff84f5af7cc88d933a5414fe8dd
Tue, 07 Nov 2023 19:48:25 GMT: successfully pushed image with reference bafybeih5xgfzu7w5lau6frugpvnglhpghakk4eynofof23we22xet5ftd4@sha256:7ecbfd7126014072ff55a22b955d4f92745dd699f22aed6fd095f7f4062e9498
Tue, 07 Nov 2023 19:58:30 GMT: successfully pushed image with reference bafybeih5xgfzu7w5lau6frugpvnglhpghakk4eynofof23we22xet5ftd4@sha256:7ecbfd7126014072ff55a22b955d4f92745dd699f22aed6fd095f7f4062e9498
Tue, 07 Nov 2023 23:12:47 GMT: successfully pushed image with reference bafybeig2osy4av657w4tr4dg23w5v4z2xnrizrudvpczsrod4rwzldfeqe@sha256:917a95cb12c7e374200509dc48cf8f9650eddbb86ee6fa6c29a3221f9fe0736e
Tue, 07 Nov 2023 23:23:08 GMT: successfully pushed image with reference bafybeifaromiexzffkzm3tqkfskdkhwem7w46j6f3cbmrhmdtr6fbwg3wq@sha256:6e88759bee99490c2c3054d6db05f4459571a87d4f50cf51fa3af9ec3de27afa
Wed, 08 Nov 2023 00:09:14 GMT: successfully pushed image with reference bafybeif5tv34rnx3jr5gxferqfk7lcz6bcy7vxixu4peu4svprttsfqugm@sha256:d43fd9d2817bb1c015c8e68aefb5c8e9d720bfcaee94a58802dd6b50a388d800
Wed, 08 Nov 2023 00:21:33 GMT: successfully pushed image with reference bafybeidcsiy4pk4pzbf47qzemmloxfoqgn4qoza22x4pr7jsg6zgnl2dre@sha256:cb9b51778269dc1964af7723bc24fa764b7234c1099c671fa44817fc4a5efa07
Wed, 08 Nov 2023 00:47:06 GMT: successfully pushed image with reference bafybeicxkwvzvyat6v2uihv7nrfxsambraobfokarhdmcv4hzjm65coxkq@sha256:48216901dcc7d2546e96142f9e8c3267a27227ffcba08f9c0b0c9abb32ff980b
Wed, 08 Nov 2023 17:05:52 GMT: successfully pushed image with reference bafybeifiipmpbacqvnf2mgkitwnzsrgb34njjd5vgskq476flh6msob7ym@sha256:24c9c56083d325a1bde64f994ecc470ad506afaf168ff1529f42e746660e8abf
Wed, 08 Nov 2023 17:41:15 GMT: successfully pushed image with reference bafybeifiipmpbacqvnf2mgkitwnzsrgb34njjd5vgskq476flh6msob7ym@sha256:24c9c56083d325a1bde64f994ecc470ad506afaf168ff1529f42e746660e8abf
Wed, 08 Nov 2023 17:49:54 GMT: successfully pushed image with reference bafybeif3pzbyimngcnqeavlrdg3frvehrccrkxcdlzvf5xn3ds6olsdigi@sha256:3a624881835f2f273be4fa69e9c39411d044b778f267d0695d8f2fe77b4133cb
Thu, 09 Nov 2023 04:05:13 GMT: successfully pushed image with reference bafybeia2rpcuj7n5k3dphueo64xl3vjknrp4yczhu6uszynjkliaxz7yv4@sha256:c19ac944b10f77acd1fca862460b80557e389a0ba57df366670aa2c4978e3884
Tue, 14 Nov 2023 18:45:19 GMT: successfully pushed image with reference bafybeiegmcgitweocjdo5nkesx4ivk3eeycj57wa6ra4jbv6qqx3w5xuda@sha256:4daa38c2f135607fdff972b323ec04d4152c1057dd79e3ba13d8339b1bfce0d1
Wed, 15 Nov 2023 00:36:35 GMT: successfully pushed image with reference bafybeiedy5e72n5exyzzfm2czabcylvl6z6kkzbbnols5ybde3jut3p6tq@sha256:5379675f1e78c6739d59b88579938db8b8996da0f5a6684cb8735bd02f955817
Wed, 15 Nov 2023 04:21:50 GMT: successfully pushed image with reference bafybeieulcmoontsyhlfr7ijpybnl3ob7a2av7yprcuoqogozpgph54ka4@sha256:e6241f6afc5680bb1b642d0554eff604914ad5191cd0df126e1bb1696d40d2d6
Thu, 16 Nov 2023 04:12:12 GMT: successfully pushed image with reference bafybeigektx76h5y7qhgydnaeyq334awizrrhznpn5vp5cluwt5ze2653q@sha256:5069a2b7b0355bf45ebf7a61ee1b4174ed74a3b5551894f7c2177c7201c8eb4f
Thu, 16 Nov 2023 17:02:02 GMT: successfully pushed image with reference bafybeib6v7ivcffsr4mh7jgh53lbsfsl2i5ywmtkdge3fetnesovi5nbhy@sha256:c490ff8ff54fd0a46744bba02f341513286acac8a2ebfe1d8386ca7a4efe8d4c
Thu, 16 Nov 2023 17:30:32 GMT: successfully pushed image with reference bafybeigmiuc7idjykmmz4vkd5ldwwp3i5n5nazdin5iapewfekjauba64u@sha256:9d2c26ac9cb3a58be43d15eda2a29e7c68fcddca8b3c87fef25f868a794ecf35
Sat, 18 Nov 2023 22:40:56 GMT: successfully pushed image with reference bafybeifigmmkzfsxyfsgyyghk7jgejkughqdwwr56zpf545qdtgyaohwf4@sha256:f4b0a8f4bf872352bd36bf24420def53a1a73357904ed1dd2a3673f8921773d5
Fri, 24 Nov 2023 19:20:03 GMT: successfully pushed image with reference bafybeibtraixck45kjw7cl6xatjbb5s7bxe7uptjii63rr5l3ojzwupjsa@sha256:c8d038791361e9076f13ab362222f57b05d2003fe8491ddecf3e18bc2281ab94
Fri, 24 Nov 2023 19:26:55 GMT: successfully pushed image with reference bafybeibcw5sautyupp4uiidx3n6f33lz4gtrg5ez5m2ehsr347cdrbneq4@sha256:41b0f65c857448cda710e45bea724775a267b4b053e1f23c6dd4b2916cbab898
Fri, 24 Nov 2023 19:32:37 GMT: successfully pushed image with reference bafybeibbkqj5sfbb7zused6wdjofzaj7gyvm4nxow57xsyyvsa6oilynwi@sha256:cb0a4a1f4fd1b2de1ce67b00ecabfc842ce1d6f7407984ca8cc9a7e957177836
Fri, 24 Nov 2023 23:56:07 GMT: successfully pushed image with reference bafybeig5zlluhpububtp5jlmlll55s4tr2mqo5zwrcmjcgkoj4b2zox77e@sha256:394e1d488362dfa590cd07ea693682e6f8a59b6ec0d7fbc704555b829f843a5e
Sun, 26 Nov 2023 02:18:39 GMT: successfully pushed image with reference bafybeie4hdcp5wrusy6oks2gcvmvgecrbfzblee27crznq44hsypwsetbm@sha256:184cec06a67dca50ac6817e5e265a5001eb323293f8d6de8659a546dd94f9367
Sun, 26 Nov 2023 06:25:22 GMT: successfully pushed image with reference bafybeifceipqjewyovf6ynmrx76ozb7k75ew5h3utzx3p7ragftsasxlza@sha256:b38a6f05596875b4f2ffaebc02de1beee4fb234ebbeeb920205fbdc71ae174a0
Sun, 26 Nov 2023 17:10:05 GMT: successfully pushed image with reference bafybeiefi7ipyv4j2ok2z4ctc7i54iany7kkxw523u6dl7kscy2olysbim@sha256:4c2045b6c5f15a10d86526ffbbe90b786c8ac81270976f094572e5d4d9454ae5
Sun, 26 Nov 2023 22:00:21 GMT: successfully pushed image with reference bafybeig5xdsg53chcjf56wienvls7my5bvhth6gwn7zwifabewmcx4wl2e@sha256:3424436f8119c00515324ea102126edf47ac0be996ce21fff7307e4d36f00d1e
Sun, 26 Nov 2023 22:07:37 GMT: successfully pushed image with reference bafybeig5xdsg53chcjf56wienvls7my5bvhth6gwn7zwifabewmcx4wl2e@sha256:3424436f8119c00515324ea102126edf47ac0be996ce21fff7307e4d36f00d1e
Sun, 26 Nov 2023 22:24:06 GMT: successfully pushed image with reference bafybeibb345f5wy4fsw2b4k6nnl7vun6w4yocktlz53gqcmyqhtel4rgb4@sha256:53bb705e235c2e98f1407ddc317aafbcae6cd189db47718d49049d35b1aa6cf6
Sun, 26 Nov 2023 22:47:24 GMT: successfully pushed image with reference bafybeigz62bmqj3hixabh73htu6mg4ajus2yfenjtjddteahtztu52jtcm@sha256:c1954ea2f8c4d624188323f45097847a953080736c283696e1e11631b592c784
Sun, 26 Nov 2023 23:16:26 GMT: successfully pushed image with reference bafybeigz62bmqj3hixabh73htu6mg4ajus2yfenjtjddteahtztu52jtcm@sha256:c1954ea2f8c4d624188323f45097847a953080736c283696e1e11631b592c784
Sun, 26 Nov 2023 23:26:23 GMT: successfully pushed image with reference bafybeigz62bmqj3hixabh73htu6mg4ajus2yfenjtjddteahtztu52jtcm@sha256:c1954ea2f8c4d624188323f45097847a953080736c283696e1e11631b592c784
Sun, 26 Nov 2023 23:44:37 GMT: successfully pushed image with reference bafybeiewscyyv3rtwykooywwlwmsts4nudcg6z6jdlvtvue3kvlxafo7tu@sha256:906cf363ad87b1e4c64366faa45831ae600102f8ca9acb4476ce0fe5396bbbdc
Sun, 26 Nov 2023 23:51:57 GMT: successfully pushed image with reference bafybeieof47kybbkphavounlq5oufr6wvob2jawywbobhedmslvht4o46m@sha256:f128ec09b2111cb5d27f06e20d141ea5cd1926aacca972be18a5b1473d15de71
Mon, 27 Nov 2023 00:02:54 GMT: successfully pushed image with reference bafybeica6bzbfwt655brpvkt6a2xsqoih7p33i7jrr2liczqjw2uapj6uu@sha256:9d2bd368682ecdb2ad6c32ad4fda19a4826cf87a3c0679be8d0545f82a66986e
Mon, 27 Nov 2023 00:15:54 GMT: successfully pushed image with reference bafybeiggdzvxc5jibbrqp3amn5xhvzajcgdmizshwqovvsutfglxtwcbxq@sha256:0b68782dbb7acce29fb388794ff735b2e874da5d329dc62acf537588e7a4d7cd
Mon, 27 Nov 2023 00:26:11 GMT: successfully pushed image with reference bafybeicpdsmazg6tqpg7luqw6be2rfwblldutqvthu6xds72sacruflunm@sha256:d6fd0cc2ef58322e0643e07c817cde1e74a1ec3046fa5cc8bf46ce39c6988adb
Mon, 27 Nov 2023 00:37:29 GMT: successfully pushed image with reference bafybeifujdnccuvwgr2tl2rmowrhmwpk7d2gcmk2fg67xrnugwin4sdu4y@sha256:9bed543c61ff378cc94b54453914c4f3732b155617f45ea9a1685db75de612bd
